<?xml version="1.0" encoding="UTF-8"?>
<!-- Generated by org.testng.reporters.JUnitXMLReporter -->
<testsuite ignored="0" hostname="Matti-PC" failures="1" tests="1" name="invalid reg test" time="20.102" errors="0" timestamp="24 Jun 2019 15:12:56 GMT">
  <testcase classname="com.qa.test.TC_002_RegisterWithInvalidDataTest" name="validateRegistration" time="4.924">
    <failure type="java.lang.AssertionError" message="expected [Please enter your first name] but found [null]">
      <![CDATA[java.lang.AssertionError: expected [Please enter your first name] but found [null]
at com.qa.test.TC_002_RegisterWithInvalidDataTest.validateRegistration(TC_002_RegisterWithInvalidDataTest.java:48)
at java.base/java.util.concurrent.FutureTask.run(FutureTask.java:264)
at java.base/java.util.concurrent.ThreadPoolExecutor.runWorker(ThreadPoolExecutor.java:1128)
at java.base/java.util.concurrent.ThreadPoolExecutor$Worker.run(ThreadPoolExecutor.java:628)
at java.base/java.lang.Thread.run(Thread.java:835)
... Removed 22 stack frames]]>
    </failure>
  </testcase> <!-- validateRegistration -->
</testsuite> <!-- invalid reg test -->
